<?xml version="1.0" encoding="UTF-8"?>
<!-- Generated by org.testng.reporters.JUnitReportReporter -->
<testsuite hostname="RJ-HP-Laptop" failures="0" tests="1" name="GreenKart.GreenKart" time="1.775" errors="0" timestamp="2024-12-20T16:21:52 IST" skipped="0">
  <testcase classname="GreenKart.GreenKart" name="login" time="1.775"/>
  <system-out/>
</testsuite> <!-- GreenKart.GreenKart -->
